

*******************************************************************************
Mon Mar 13 20:35:06 2017


FIT:    data read from 'seleccion.dat'
        format = z
        #datapoints = 66
        residuals are weighted equally (unit weight)

function used for fitting: f(x)
	f(x) = a0*x*x+a1*x+a2
fitted parameters initialized with current variable values

iter      chisq       delta/lim  lambda   a0            a1            a2           
   0 1.3165346669e+21   0.00e+00  2.58e+09    1.000000e+00   1.000000e+00   1.000000e+00
  13 2.1643894916e-01  -5.98e-07  2.58e-04    1.278561e-09  -2.373725e-06   3.127935e-02

After 13 iterations the fit converged.
final sum of squares of residuals : 0.216439
rel. change during last iteration : -5.98112e-12

degrees of freedom    (FIT_NDF)                        : 63
rms of residuals      (FIT_STDFIT) = sqrt(WSSR/ndf)    : 0.0586135
variance of residuals (reduced chisquare) = WSSR/ndf   : 0.00343554

Final set of parameters            Asymptotic Standard Error
=======================            ==========================
a0              = 1.27856e-09      +/- 9.882e-12    (0.7729%)
a1              = -2.37372e-06     +/- 1.025e-06    (43.17%)
a2              = 0.0312793        +/- 0.02232      (71.35%)

correlation matrix of the fit parameters:
                a0     a1     a2     
a0              1.000 
a1             -0.969  1.000 
a2              0.757 -0.873  1.000 


*******************************************************************************
Wed Mar 15 21:22:15 2017


FIT:    data read from 'seleccion.dat'
        format = z
        #datapoints = 66
        residuals are weighted equally (unit weight)

function used for fitting: f(x)
	f(x) = a0*x+a1
fitted parameters initialized with current variable values

iter      chisq       delta/lim  lambda   a0            a1           
   0 2.2051253481e+11   0.00e+00  4.09e+04    1.000000e+00   1.000000e+00
   8 5.7728161472e+01  -7.96e-08  4.09e-04    1.261216e-04  -2.153142e+00

After 8 iterations the fit converged.
final sum of squares of residuals : 57.7282
rel. change during last iteration : -7.95863e-13

degrees of freedom    (FIT_NDF)                        : 64
rms of residuals      (FIT_STDFIT) = sqrt(WSSR/ndf)    : 0.949738
variance of residuals (reduced chisquare) = WSSR/ndf   : 0.902003

Final set of parameters            Asymptotic Standard Error
=======================            ==========================
a0              = 0.000126122      +/- 4.091e-06    (3.244%)
a1              = -2.15314         +/- 0.2365       (10.98%)

correlation matrix of the fit parameters:
                a0     a1     
a0              1.000 
a1             -0.869  1.000 
