

*******************************************************************************
Wed Mar 15 20:35:40 2017


FIT:    data read from 'fibonacci.dat'
        format = z
        #datapoints = 25
        residuals are weighted equally (unit weight)

function used for fitting: f(x)
	f(x) = a0**x
fitted parameters initialized with current variable values

iter      chisq       delta/lim  lambda   a0           
   0 7.9408468690e+03   0.00e+00  3.03e+01    1.000000e+00
   6 4.3652677837e+03  -3.83e-01  3.03e-04    1.073435e+00

After 6 iterations the fit converged.
final sum of squares of residuals : 4365.27
rel. change during last iteration : -3.82557e-06

degrees of freedom    (FIT_NDF)                        : 24
rms of residuals      (FIT_STDFIT) = sqrt(WSSR/ndf)    : 13.4865
variance of residuals (reduced chisquare) = WSSR/ndf   : 181.886

Final set of parameters            Asymptotic Standard Error
=======================            ==========================
a0              = 1.07344          +/- 0.004575     (0.4262%)


*******************************************************************************
Wed Mar 15 20:36:11 2017


FIT:    data read from 'fibonacci.dat'
        format = z
        #datapoints = 24
        residuals are weighted equally (unit weight)

function used for fitting: f(x)
	f(x) = a0**x
fitted parameters initialized with current variable values

iter      chisq       delta/lim  lambda   a0           
   0 1.9619858713e+03   0.00e+00  5.35e+02    1.073435e+00
   6 7.8082762812e+02  -2.11e-01  5.35e-04    1.050442e+00

After 6 iterations the fit converged.
final sum of squares of residuals : 780.828
rel. change during last iteration : -2.11069e-06

degrees of freedom    (FIT_NDF)                        : 23
rms of residuals      (FIT_STDFIT) = sqrt(WSSR/ndf)    : 5.82658
variance of residuals (reduced chisquare) = WSSR/ndf   : 33.949

Final set of parameters            Asymptotic Standard Error
=======================            ==========================
a0              = 1.05044          +/- 0.005955     (0.5669%)
