

*******************************************************************************
Mon Mar 13 15:06:49 2017


FIT:    data read from 'fibonacci.dat'
        format = z
        #datapoints = 26
        residuals are weighted equally (unit weight)

function used for fitting: f(x)
	f(x) = a0**x
fitted parameters initialized with current variable values

iter      chisq       delta/lim  lambda   a0           
   0 5.5248401878e+04   0.00e+00  3.15e+01    1.000000e+00
  18 2.5080042489e+04  -1.23e-01  3.15e-02    1.093494e+00

After 18 iterations the fit converged.
final sum of squares of residuals : 25080
rel. change during last iteration : -1.23257e-06

degrees of freedom    (FIT_NDF)                        : 25
rms of residuals      (FIT_STDFIT) = sqrt(WSSR/ndf)    : 31.6734
variance of residuals (reduced chisquare) = WSSR/ndf   : 1003.2

Final set of parameters            Asymptotic Standard Error
=======================            ==========================
a0              = 1.09349          +/- 0.003728     (0.3409%)


*******************************************************************************
Mon Mar 13 15:08:08 2017


FIT:    data read from 'fibonacci.dat'
        format = z
        #datapoints = 26
        residuals are weighted equally (unit weight)

function used for fitting: f(x)
	f(x) = a0*x*x*x+a1*x*x+a2*x+a3
fitted parameters initialized with current variable values

iter      chisq       delta/lim  lambda   a0            a1            a2            a3           
   0 1.0414730066e+11   0.00e+00  3.10e+04    1.093494e+00   1.000000e+00   1.000000e+00   1.000000e+00
   8 1.3328885069e+04  -4.05e-05  3.10e-04    8.025568e-03  -5.340794e-01   9.482303e+00  -3.712553e+01

After 8 iterations the fit converged.
final sum of squares of residuals : 13328.9
rel. change during last iteration : -4.05346e-10

degrees of freedom    (FIT_NDF)                        : 22
rms of residuals      (FIT_STDFIT) = sqrt(WSSR/ndf)    : 24.6142
variance of residuals (reduced chisquare) = WSSR/ndf   : 605.858

Final set of parameters            Asymptotic Standard Error
=======================            ==========================
a0              = 0.00802557       +/- 0.001836     (22.87%)
a1              = -0.534079        +/- 0.1506       (28.2%)
a2              = 9.4823           +/- 3.535        (37.28%)
a3              = -37.1255         +/- 22.47        (60.52%)

correlation matrix of the fit parameters:
                a0     a1     a2     a3     
a0              1.000 
a1             -0.987  1.000 
a2              0.926 -0.972  1.000 
a3             -0.717  0.793 -0.897  1.000 
