

*******************************************************************************
Mon Mar 13 11:05:02 2017


FIT:    data read from 'burbuja.dat'
        format = z
        #datapoints = 99
        residuals are weighted equally (unit weight)

function used for fitting: f(x)
	f(x) = a0*x*x+a1*x+a2
fitted parameters initialized with current variable values

iter      chisq       delta/lim  lambda   a0            a1            a2           
   0 1.9503823245e+21   0.00e+00  2.56e+09    1.000000e+00   1.000000e+00   1.000000e+00
  13 1.2862894418e+00  -1.36e-08  2.56e-04    3.092666e-09  -1.352078e-05   9.415191e-02

After 13 iterations the fit converged.
final sum of squares of residuals : 1.28629
rel. change during last iteration : -1.362e-13

degrees of freedom    (FIT_NDF)                        : 96
rms of residuals      (FIT_STDFIT) = sqrt(WSSR/ndf)    : 0.115753
variance of residuals (reduced chisquare) = WSSR/ndf   : 0.0133988

Final set of parameters            Asymptotic Standard Error
=======================            ==========================
a0              = 3.09267e-09      +/- 1.593e-11    (0.5151%)
a1              = -1.35208e-05     +/- 1.644e-06    (12.16%)
a2              = 0.0941519        +/- 0.03562      (37.83%)

correlation matrix of the fit parameters:
                a0     a1     a2     
a0              1.000 
a1             -0.969  1.000 
a2              0.753 -0.871  1.000 


*******************************************************************************
Mon Mar 13 11:06:16 2017


FIT:    data read from 'burbuja.dat'
        format = z
        #datapoints = 99
        residuals are weighted equally (unit weight)

function used for fitting: f(x)
	f(x) = a0*x+a1
fitted parameters initialized with current variable values

iter      chisq       delta/lim  lambda   a0            a1           
   0 1.6845351130e+04   0.00e+00  1.26e-04    3.092666e-09  -1.352078e-05
   4 5.0635188684e+02  -1.23e-05  1.26e-08    2.957458e-04  -5.111835e+00

After 4 iterations the fit converged.
final sum of squares of residuals : 506.352
rel. change during last iteration : -1.22768e-10

degrees of freedom    (FIT_NDF)                        : 97
rms of residuals      (FIT_STDFIT) = sqrt(WSSR/ndf)    : 2.28476
variance of residuals (reduced chisquare) = WSSR/ndf   : 5.22012

Final set of parameters            Asymptotic Standard Error
=======================            ==========================
a0              = 0.000295746      +/- 8.035e-06    (2.717%)
a1              = -5.11184         +/- 0.4628       (9.053%)

correlation matrix of the fit parameters:
                a0     a1     
a0              1.000 
a1             -0.868  1.000 
